<?xml version="1.0" encoding="UTF-8"?>
<testsuite xmlns:xsi="http://www.w3.org/2001/XMLSchema-instance" xsi:schemaLocation="https://maven.apache.org/surefire/maven-surefire-plugin/xsd/surefire-test-report.xsd" name="ds.llm.MaxTest" time="0.069" tests="8" errors="0" skipped="0" failures="1">
  <properties>
    <property name="java.runtime.name" value="Java(TM) SE Runtime Environment"/>
    <property name="sun.boot.library.path" value="/home/local/tools/jdk1.8.0_341/jre/lib/amd64"/>
    <property name="java.vm.version" value="25.341-b10"/>
    <property name="testName" value="ds.llm.MaxTest"/>
    <property name="java.vm.vendor" value="Oracle Corporation"/>
    <property name="maven.multiModuleProjectDirectory" value="/home/auri/temp/vitor/novo_repo/projetos/01Max"/>
    <property name="java.vendor.url" value="http://java.oracle.com/"/>
    <property name="path.separator" value=":"/>
    <property name="guice.disable.misplaced.annotation.check" value="true"/>
    <property name="java.vm.name" value="Java HotSpot(TM) 64-Bit Server VM"/>
    <property name="file.encoding.pkg" value="sun.io"/>
    <property name="user.country" value="BR"/>
    <property name="sun.java.launcher" value="SUN_STANDARD"/>
    <property name="sun.os.patch.level" value="unknown"/>
    <property name="java.vm.specification.name" value="Java Virtual Machine Specification"/>
    <property name="user.dir" value="/home/auri/temp/vitor/novo_repo/projetos/01Max"/>
    <property name="java.runtime.version" value="1.8.0_341-b10"/>
    <property name="java.awt.graphicsenv" value="sun.awt.X11GraphicsEnvironment"/>
    <property name="java.endorsed.dirs" value="/home/local/tools/jdk1.8.0_341/jre/lib/endorsed"/>
    <property name="os.arch" value="amd64"/>
    <property name="java.io.tmpdir" value="/tmp"/>
    <property name="line.separator" value="&#10;"/>
    <property name="java.vm.specification.vendor" value="Oracle Corporation"/>
    <property name="os.name" value="Linux"/>
    <property name="classworlds.conf" value="/local/tools/apache-maven-3.8.5/bin/m2.conf"/>
    <property name="sun.jnu.encoding" value="UTF-8"/>
    <property name="java.library.path" value="/usr/java/packages/lib/amd64:/usr/lib64:/lib64:/lib:/usr/lib"/>
    <property name="maven.conf" value="/local/tools/apache-maven-3.8.5/conf"/>
    <property name="java.specification.name" value="Java Platform API Specification"/>
    <property name="java.class.version" value="52.0"/>
    <property name="sun.management.compiler" value="HotSpot 64-Bit Tiered Compilers"/>
    <property name="os.version" value="5.15.0-78-generic"/>
    <property name="library.jansi.path" value="/local/tools/apache-maven-3.8.5/lib/jansi-native"/>
    <property name="user.home" value="/home/auri"/>
    <property name="user.timezone" value="America/Sao_Paulo"/>
    <property name="java.awt.printerjob" value="sun.print.PSPrinterJob"/>
    <property name="java.specification.version" value="1.8"/>
    <property name="file.encoding" value="UTF-8"/>
    <property name="user.name" value="auri"/>
    <property name="java.class.path" value="/local/tools/apache-maven-3.8.5/boot/plexus-classworlds-2.6.0.jar"/>
    <property name="java.vm.specification.version" value="1.8"/>
    <property name="sun.arch.data.model" value="64"/>
    <property name="java.home" value="/home/local/tools/jdk1.8.0_341/jre"/>
    <property name="sun.java.command" value="org.codehaus.plexus.classworlds.launcher.Launcher -DclassName=ds.Max -DtestName=ds.llm.MaxTest test"/>
    <property name="java.specification.vendor" value="Oracle Corporation"/>
    <property name="user.language" value="pt"/>
    <property name="awt.toolkit" value="sun.awt.X11.XToolkit"/>
    <property name="java.vm.info" value="mixed mode"/>
    <property name="java.version" value="1.8.0_341"/>
    <property name="java.ext.dirs" value="/home/local/tools/jdk1.8.0_341/jre/lib/ext:/usr/java/packages/lib/ext"/>
    <property name="sun.boot.class.path" value="/home/local/tools/jdk1.8.0_341/jre/lib/resources.jar:/home/local/tools/jdk1.8.0_341/jre/lib/rt.jar:/home/local/tools/jdk1.8.0_341/jre/lib/jsse.jar:/home/local/tools/jdk1.8.0_341/jre/lib/jce.jar:/home/local/tools/jdk1.8.0_341/jre/lib/charsets.jar:/home/local/tools/jdk1.8.0_341/jre/lib/jfr.jar:/home/local/tools/jdk1.8.0_341/jre/classes"/>
    <property name="java.vendor" value="Oracle Corporation"/>
    <property name="maven.home" value="/local/tools/apache-maven-3.8.5"/>
    <property name="file.separator" value="/"/>
    <property name="java.vendor.url.bug" value="http://bugreport.sun.com/bugreport/"/>
    <property name="className" value="ds.Max"/>
    <property name="sun.cpu.endian" value="little"/>
    <property name="sun.io.unicode.encoding" value="UnicodeLittle"/>
    <property name="sun.desktop" value="gnome"/>
    <property name="sun.cpu.isalist" value=""/>
  </properties>
  <testcase name="testComparaWithItem1LessThanItem2" classname="ds.llm.MaxTest" time="0.005"/>
  <testcase name="testMaxWithEmptyArray" classname="ds.llm.MaxTest" time="0"/>
  <testcase name="testMaxItemWithNegativeValues" classname="ds.llm.MaxTest" time="0.006">
    <failure message="expected:&lt;0&gt; but was:&lt;-2&gt;" type="java.lang.AssertionError"><![CDATA[java.lang.AssertionError: expected:<0> but was:<-2>
	at ds.llm.MaxTest.testMaxItemWithNegativeValues(MaxTest.java:37)
]]></failure>
  </testcase>
  <testcase name="testMaxItemWithMixedValues" classname="ds.llm.MaxTest" time="0"/>
  <testcase name="testComparaWithEqualValues" classname="ds.llm.MaxTest" time="0.001"/>
  <testcase name="testMaxItemWithPositiveValues" classname="ds.llm.MaxTest" time="0"/>
  <testcase name="testComparaWithItem1GreaterThanItem2" classname="ds.llm.MaxTest" time="0.001"/>
  <testcase name="testDefaultConstructor" classname="ds.llm.MaxTest" time="0"/>
</testsuite>